2025-02-17 15:11:40,247 - INFO - Input sequence provided
2025-02-17 15:11:40,251 - INFO - Generated 316 k-mers ending with AG, GG, or GA.
2025-02-17 15:11:42,195 - INFO - Feature matrix created. Shape: (316, 98)
2025-02-17 15:11:42,196 - INFO - Loading the saved model...
2025-02-17 15:11:42,815 - INFO - Model loaded successfully.
2025-02-17 15:11:42,816 - INFO - Predicting efficacy scores...
2025-02-17 15:11:43,589 - INFO - Visualizing feature distributions and correlations...
2025-02-17 15:11:46,144 - INFO - Feature plots and correlation matrix prepared successfully.
2025-02-17 15:12:37,498 - INFO - Visualizing feature distributions and correlations...
2025-02-17 15:12:38,352 - INFO - Feature plots and correlation matrix prepared successfully.
2025-02-17 15:14:07,868 - INFO - Input sequence provided
2025-02-17 15:14:07,870 - INFO - Generated 4 k-mers ending with AG, GG, or GA.
2025-02-17 15:14:07,944 - INFO - Feature matrix created. Shape: (4, 98)
2025-02-17 15:14:07,945 - INFO - Loading the saved model...
2025-02-17 15:14:08,349 - INFO - Model loaded successfully.
2025-02-17 15:14:08,350 - INFO - Predicting efficacy scores...
2025-02-17 15:14:10,217 - INFO - Visualizing feature distributions and correlations...
2025-02-17 15:14:10,940 - INFO - Feature plots and correlation matrix prepared successfully.
2025-02-17 15:16:42,217 - INFO - Visualizing feature distributions and correlations...
2025-02-17 15:16:43,038 - INFO - Feature plots and correlation matrix prepared successfully.
2025-02-17 15:16:50,599 - INFO - Visualizing feature distributions and correlations...
2025-02-17 15:16:51,318 - INFO - Feature plots and correlation matrix prepared successfully.
2025-02-17 15:16:53,010 - INFO - Visualizing feature distributions and correlations...
2025-02-17 15:16:53,688 - INFO - Feature plots and correlation matrix prepared successfully.
2025-02-17 15:18:09,153 - INFO - Input sequence provided
2025-02-17 15:18:09,155 - INFO - Generated 161 k-mers ending with AG, GG, or GA.
2025-02-17 15:18:10,309 - INFO - Feature matrix created. Shape: (161, 98)
2025-02-17 15:18:10,310 - INFO - Loading the saved model...
2025-02-17 15:18:10,743 - INFO - Model loaded successfully.
2025-02-17 15:18:10,744 - INFO - Predicting efficacy scores...
2025-02-17 15:18:10,940 - INFO - Visualizing feature distributions and correlations...
2025-02-17 15:18:11,836 - INFO - Feature plots and correlation matrix prepared successfully.
2025-02-17 15:33:09,672 - INFO - Input sequence provided
2025-02-17 15:33:09,672 - INFO - Generated 136 k-mers ending with AG, GG, or GA.
2025-02-17 15:33:09,838 - INFO - Feature matrix created. Shape: (136, 98)
2025-02-17 15:33:09,839 - INFO - Loading the saved model...
2025-02-17 15:33:12,980 - INFO - Model loaded successfully.
2025-02-17 15:33:12,980 - INFO - Predicting efficacy scores...
2025-02-17 15:34:49,538 - INFO - Input sequence provided
2025-02-17 15:34:49,538 - INFO - Generated 139 k-mers ending with AG, GG, or GA.
2025-02-17 15:34:49,715 - INFO - Feature matrix created. Shape: (139, 98)
2025-02-17 15:34:49,716 - INFO - Loading the saved model...
2025-02-17 15:34:52,431 - INFO - Model loaded successfully.
2025-02-17 15:34:52,431 - INFO - Predicting efficacy scores...
2025-02-17 16:03:05,675 - INFO - Visualizing feature distributions and correlations...
2025-02-17 16:03:10,406 - INFO - Feature plots and correlation matrix prepared successfully.
2025-02-17 16:03:44,323 - INFO - Visualizing feature distributions and correlations...
2025-02-17 16:03:44,919 - INFO - Feature plots and correlation matrix prepared successfully.
2025-02-17 16:04:00,679 - INFO - Visualizing feature distributions and correlations...
2025-02-17 16:04:01,486 - INFO - Feature plots and correlation matrix prepared successfully.
2025-02-17 16:04:05,597 - INFO - Input sequence provided
2025-02-17 16:04:05,599 - INFO - Generated 140 k-mers ending with AG, GG, or GA.
2025-02-17 16:04:06,490 - INFO - Feature matrix created. Shape: (140, 98)
2025-02-17 16:04:06,491 - INFO - Loading the saved model...
2025-02-17 16:04:08,745 - INFO - Model loaded successfully.
2025-02-17 16:04:08,746 - INFO - Predicting efficacy scores...
2025-02-17 16:04:10,304 - INFO - Visualizing feature distributions and correlations...
2025-02-17 16:04:11,149 - INFO - Feature plots and correlation matrix prepared successfully.
2025-02-17 16:04:15,013 - INFO - Visualizing feature distributions and correlations...
2025-02-17 16:04:15,694 - INFO - Feature plots and correlation matrix prepared successfully.
2025-02-17 16:05:11,213 - INFO - Visualizing feature distributions and correlations...
2025-02-17 16:05:11,881 - INFO - Feature plots and correlation matrix prepared successfully.
2025-02-17 16:05:15,989 - INFO - Visualizing feature distributions and correlations...
2025-02-17 16:05:16,701 - INFO - Feature plots and correlation matrix prepared successfully.
2025-02-17 16:05:20,132 - INFO - Visualizing feature distributions and correlations...
2025-02-17 16:05:20,356 - INFO - Feature plots and correlation matrix prepared successfully.
2025-02-17 16:05:23,960 - INFO - Visualizing feature distributions and correlations...
2025-02-17 16:05:24,171 - INFO - Feature plots and correlation matrix prepared successfully.
2025-02-17 16:05:25,170 - INFO - Visualizing feature distributions and correlations...
2025-02-17 16:05:25,373 - INFO - Feature plots and correlation matrix prepared successfully.
2025-02-17 16:05:26,381 - INFO - Visualizing feature distributions and correlations...
2025-02-17 16:05:26,591 - INFO - Feature plots and correlation matrix prepared successfully.
2025-02-17 16:05:27,624 - INFO - Visualizing feature distributions and correlations...
2025-02-17 16:05:27,834 - INFO - Feature plots and correlation matrix prepared successfully.
2025-02-17 16:05:28,860 - INFO - Visualizing feature distributions and correlations...
2025-02-17 16:05:29,070 - INFO - Feature plots and correlation matrix prepared successfully.
2025-02-17 16:05:30,084 - INFO - Visualizing feature distributions and correlations...
2025-02-17 16:05:30,275 - INFO - Feature plots and correlation matrix prepared successfully.
2025-02-17 16:05:31,244 - INFO - Visualizing feature distributions and correlations...
2025-02-17 16:05:31,447 - INFO - Feature plots and correlation matrix prepared successfully.
2025-02-17 16:05:32,364 - INFO - Visualizing feature distributions and correlations...
2025-02-17 16:05:32,556 - INFO - Feature plots and correlation matrix prepared successfully.
2025-02-17 16:05:33,464 - INFO - Visualizing feature distributions and correlations...
2025-02-17 16:05:33,671 - INFO - Feature plots and correlation matrix prepared successfully.
2025-02-17 16:05:34,589 - INFO - Visualizing feature distributions and correlations...
2025-02-17 16:05:34,782 - INFO - Feature plots and correlation matrix prepared successfully.
2025-02-17 16:05:35,836 - INFO - Visualizing feature distributions and correlations...
2025-02-17 16:05:36,053 - INFO - Feature plots and correlation matrix prepared successfully.
2025-02-17 16:05:37,012 - INFO - Visualizing feature distributions and correlations...
2025-02-17 16:05:37,200 - INFO - Feature plots and correlation matrix prepared successfully.
2025-02-17 16:05:38,125 - INFO - Visualizing feature distributions and correlations...
2025-02-17 16:05:38,310 - INFO - Feature plots and correlation matrix prepared successfully.
2025-02-17 16:05:39,222 - INFO - Visualizing feature distributions and correlations...
2025-02-17 16:05:39,411 - INFO - Feature plots and correlation matrix prepared successfully.
2025-02-17 16:05:40,323 - INFO - Visualizing feature distributions and correlations...
2025-02-17 16:05:40,508 - INFO - Feature plots and correlation matrix prepared successfully.
2025-02-17 16:05:41,402 - INFO - Visualizing feature distributions and correlations...
2025-02-17 16:05:41,625 - INFO - Feature plots and correlation matrix prepared successfully.
2025-02-17 16:05:42,544 - INFO - Visualizing feature distributions and correlations...
2025-02-17 16:05:42,735 - INFO - Feature plots and correlation matrix prepared successfully.
2025-02-17 16:05:43,748 - INFO - Visualizing feature distributions and correlations...
2025-02-17 16:05:43,948 - INFO - Feature plots and correlation matrix prepared successfully.
2025-02-17 16:05:44,963 - INFO - Visualizing feature distributions and correlations...
2025-02-17 16:05:45,161 - INFO - Feature plots and correlation matrix prepared successfully.
2025-02-17 16:06:02,770 - INFO - Input sequence provided
2025-02-17 16:06:02,771 - INFO - Generated 140 k-mers ending with AG, GG, or GA.
2025-02-17 16:06:02,981 - INFO - Feature matrix created. Shape: (140, 98)
2025-02-17 16:06:02,982 - INFO - Loading the saved model...
2025-02-17 16:06:03,126 - INFO - Model loaded successfully.
2025-02-17 16:06:03,126 - INFO - Predicting efficacy scores...
2025-02-17 16:06:03,230 - INFO - Visualizing feature distributions and correlations...
2025-02-17 16:06:03,478 - INFO - Feature plots and correlation matrix prepared successfully.
2025-02-17 16:09:45,677 - INFO - Input sequence provided
2025-02-17 16:09:45,679 - INFO - Generated 140 k-mers ending with AG, GG, or GA.
2025-02-17 16:09:46,486 - INFO - Feature matrix created. Shape: (140, 98)
2025-02-17 16:09:46,488 - INFO - Loading the saved model...
2025-02-17 16:09:46,876 - INFO - Model loaded successfully.
2025-02-17 16:09:46,877 - INFO - Predicting efficacy scores...
2025-02-17 16:09:47,559 - INFO - Visualizing feature distributions and correlations...
2025-02-17 16:09:48,176 - INFO - Feature plots and correlation matrix prepared successfully.
2025-02-17 16:09:50,856 - INFO - Visualizing feature distributions and correlations...
2025-02-17 16:09:51,520 - INFO - Feature plots and correlation matrix prepared successfully.
2025-02-17 16:09:55,471 - INFO - Visualizing feature distributions and correlations...
2025-02-17 16:09:56,255 - INFO - Feature plots and correlation matrix prepared successfully.
2025-02-17 16:11:40,552 - INFO - Visualizing feature distributions and correlations...
2025-02-17 16:11:40,806 - INFO - Feature plots and correlation matrix prepared successfully.
2025-02-17 16:12:07,451 - INFO - Visualizing feature distributions and correlations...
2025-02-17 16:12:07,670 - INFO - Feature plots and correlation matrix prepared successfully.
2025-02-17 16:12:12,969 - INFO - Input sequence provided
2025-02-17 16:12:12,971 - INFO - Generated 140 k-mers ending with AG, GG, or GA.
2025-02-17 16:12:13,244 - INFO - Feature matrix created. Shape: (140, 98)
2025-02-17 16:12:13,244 - INFO - Loading the saved model...
2025-02-17 16:12:13,386 - INFO - Model loaded successfully.
2025-02-17 16:12:13,387 - INFO - Predicting efficacy scores...
2025-02-17 16:12:13,879 - INFO - Visualizing feature distributions and correlations...
2025-02-17 16:12:14,088 - INFO - Feature plots and correlation matrix prepared successfully.
2025-02-17 16:12:15,049 - INFO - Visualizing feature distributions and correlations...
2025-02-17 16:12:15,304 - INFO - Feature plots and correlation matrix prepared successfully.
2025-02-17 16:12:15,859 - INFO - Visualizing feature distributions and correlations...
2025-02-17 16:12:16,138 - INFO - Feature plots and correlation matrix prepared successfully.
2025-02-17 16:12:23,045 - INFO - Visualizing feature distributions and correlations...
2025-02-17 16:12:23,303 - INFO - Feature plots and correlation matrix prepared successfully.
2025-02-17 16:12:23,957 - INFO - Visualizing feature distributions and correlations...
2025-02-17 16:12:24,254 - INFO - Feature plots and correlation matrix prepared successfully.
2025-02-17 16:21:13,767 - INFO - Visualizing feature distributions and correlations...
2025-02-17 16:21:17,616 - INFO - Feature plots and correlation matrix prepared successfully.
2025-02-17 16:21:29,922 - INFO - Visualizing feature distributions and correlations...
2025-02-17 16:21:31,406 - INFO - Feature plots and correlation matrix prepared successfully.
2025-02-17 16:21:48,270 - INFO - Visualizing feature distributions and correlations...
2025-02-17 16:21:48,479 - INFO - Feature plots and correlation matrix prepared successfully.
2025-02-17 16:21:49,049 - INFO - Visualizing feature distributions and correlations...
2025-02-17 16:21:49,258 - INFO - Feature plots and correlation matrix prepared successfully.
2025-02-17 16:21:50,087 - INFO - Visualizing feature distributions and correlations...
2025-02-17 16:21:50,275 - INFO - Feature plots and correlation matrix prepared successfully.
2025-02-17 16:21:50,808 - INFO - Visualizing feature distributions and correlations...
2025-02-17 16:21:51,018 - INFO - Feature plots and correlation matrix prepared successfully.
2025-02-17 16:21:51,839 - INFO - Visualizing feature distributions and correlations...
2025-02-17 16:21:52,026 - INFO - Feature plots and correlation matrix prepared successfully.
2025-02-17 16:21:52,569 - INFO - Visualizing feature distributions and correlations...
2025-02-17 16:21:52,774 - INFO - Feature plots and correlation matrix prepared successfully.
2025-02-17 16:21:53,618 - INFO - Visualizing feature distributions and correlations...
2025-02-17 16:21:53,813 - INFO - Feature plots and correlation matrix prepared successfully.
2025-02-17 16:21:54,355 - INFO - Visualizing feature distributions and correlations...
2025-02-17 16:21:54,568 - INFO - Feature plots and correlation matrix prepared successfully.
2025-02-17 16:21:55,503 - INFO - Visualizing feature distributions and correlations...
2025-02-17 16:21:55,704 - INFO - Feature plots and correlation matrix prepared successfully.
2025-02-17 16:21:59,852 - INFO - Visualizing feature distributions and correlations...
2025-02-17 16:22:00,054 - INFO - Feature plots and correlation matrix prepared successfully.
2025-02-17 16:22:00,860 - INFO - Visualizing feature distributions and correlations...
2025-02-17 16:22:01,065 - INFO - Feature plots and correlation matrix prepared successfully.
2025-02-17 16:22:01,824 - INFO - Visualizing feature distributions and correlations...
2025-02-17 16:22:02,009 - INFO - Feature plots and correlation matrix prepared successfully.
2025-02-17 16:22:02,773 - INFO - Visualizing feature distributions and correlations...
2025-02-17 16:22:02,961 - INFO - Feature plots and correlation matrix prepared successfully.
2025-02-17 16:22:03,736 - INFO - Visualizing feature distributions and correlations...
2025-02-17 16:22:03,946 - INFO - Feature plots and correlation matrix prepared successfully.
2025-02-17 16:22:33,960 - INFO - Input sequence provided
2025-02-17 16:22:33,961 - INFO - Generated 204 k-mers ending with AG, GG, or GA.
2025-02-17 16:22:34,305 - INFO - Feature matrix created. Shape: (204, 98)
2025-02-17 16:22:34,306 - INFO - Loading the saved model...
2025-02-17 16:22:36,362 - INFO - Model loaded successfully.
2025-02-17 16:22:36,363 - INFO - Predicting efficacy scores...
2025-02-17 16:22:36,435 - INFO - Visualizing feature distributions and correlations...
2025-02-17 16:22:36,674 - INFO - Feature plots and correlation matrix prepared successfully.
2025-02-17 16:28:10,086 - INFO - Input sequence provided
2025-02-17 16:28:10,088 - INFO - Generated 204 k-mers ending with AG, GG, or GA.
2025-02-17 16:28:10,987 - INFO - Feature matrix created. Shape: (204, 98)
2025-02-17 16:28:10,987 - INFO - Loading the saved model...
2025-02-17 16:28:13,110 - INFO - Model loaded successfully.
2025-02-17 16:28:13,110 - INFO - Predicting efficacy scores...
2025-02-17 16:28:13,746 - INFO - Visualizing feature distributions and correlations...
2025-02-17 16:28:15,563 - INFO - Feature plots and correlation matrix prepared successfully.
2025-02-17 16:28:48,740 - INFO - Input sequence provided
2025-02-17 16:28:48,744 - INFO - Generated 168 k-mers ending with AG, GG, or GA.
2025-02-17 16:28:49,843 - INFO - Feature matrix created. Shape: (168, 98)
2025-02-17 16:28:49,844 - INFO - Loading the saved model...
2025-02-17 16:28:50,213 - INFO - Model loaded successfully.
2025-02-17 16:28:50,214 - INFO - Predicting efficacy scores...
2025-02-17 16:28:51,087 - INFO - Visualizing feature distributions and correlations...
2025-02-17 16:28:51,772 - INFO - Feature plots and correlation matrix prepared successfully.
2025-02-17 16:28:54,841 - INFO - Visualizing feature distributions and correlations...
2025-02-17 16:28:55,813 - INFO - Feature plots and correlation matrix prepared successfully.
2025-02-17 16:29:10,442 - INFO - Visualizing feature distributions and correlations...
2025-02-17 16:29:11,136 - INFO - Feature plots and correlation matrix prepared successfully.
2025-02-17 16:29:12,759 - INFO - Visualizing feature distributions and correlations...
2025-02-17 16:29:13,129 - INFO - Feature plots and correlation matrix prepared successfully.
2025-02-17 16:29:33,157 - INFO - Visualizing feature distributions and correlations...
2025-02-17 16:29:33,862 - INFO - Feature plots and correlation matrix prepared successfully.
2025-02-17 16:29:35,264 - INFO - Visualizing feature distributions and correlations...
2025-02-17 16:29:35,855 - INFO - Feature plots and correlation matrix prepared successfully.
2025-02-17 16:29:47,933 - INFO - Visualizing feature distributions and correlations...
2025-02-17 16:29:48,653 - INFO - Feature plots and correlation matrix prepared successfully.
2025-02-17 16:29:50,256 - INFO - Visualizing feature distributions and correlations...
2025-02-17 16:29:50,900 - INFO - Feature plots and correlation matrix prepared successfully.
2025-02-17 16:30:09,828 - INFO - Visualizing feature distributions and correlations...
2025-02-17 16:30:10,651 - INFO - Feature plots and correlation matrix prepared successfully.
2025-02-17 16:30:12,262 - INFO - Visualizing feature distributions and correlations...
2025-02-17 16:30:12,865 - INFO - Feature plots and correlation matrix prepared successfully.
2025-02-17 16:30:14,479 - INFO - Input sequence provided
2025-02-17 16:30:14,483 - INFO - Generated 168 k-mers ending with AG, GG, or GA.
2025-02-17 16:30:15,414 - INFO - Feature matrix created. Shape: (168, 98)
2025-02-17 16:30:15,415 - INFO - Loading the saved model...
2025-02-17 16:30:15,702 - INFO - Model loaded successfully.
2025-02-17 16:30:15,703 - INFO - Predicting efficacy scores...
2025-02-17 16:30:16,880 - INFO - Visualizing feature distributions and correlations...
2025-02-17 16:30:17,825 - INFO - Feature plots and correlation matrix prepared successfully.
2025-02-17 16:30:53,921 - INFO - Visualizing feature distributions and correlations...
2025-02-17 16:30:54,722 - INFO - Feature plots and correlation matrix prepared successfully.
