2025-02-17 14:22:49,615 - INFO - Starting model training pipeline...
2025-02-17 14:22:49,615 - INFO - Data loaded.....performing checks on the data. Shape:(16381, 2)
2025-02-17 14:22:49,628 - INFO - Input Data checks done.......Shape:(16378, 2)
2025-02-17 14:22:49,629 - INFO - Extracting features for RNA sequences...
2025-02-17 14:23:26,243 - INFO - Visualizing feature distributions...
2025-02-17 14:23:29,092 - INFO - Feature plots saved in directory: Backend/feature_plots
2025-02-17 14:23:29,092 - INFO - Starting data preprocessing...
2025-02-17 14:23:29,253 - INFO - Data Preprocessing Completed.
2025-02-17 14:23:29,277 - INFO - Training model...
2025-02-17 14:24:24,376 - INFO - Model training completed.
2025-02-17 14:24:24,378 - INFO - Saving model...
2025-02-17 14:24:24,609 - INFO - Model saved as Backend/stacking_model.pkl.
2025-02-17 14:24:24,609 - INFO - Evaluating model...
2025-02-17 14:24:24,800 - INFO - MSE: 1.8451082280564615, MAE: 1.0416651263194727, R2: 0.28874452644660853
2025-02-17 14:24:24,800 - INFO - Evaluating model using 10-fold cross-validation...
2025-02-17 14:28:03,504 - INFO - Starting model training pipeline...
2025-02-17 14:28:03,505 - INFO - Data loaded.....performing checks on the data. Shape:(16381, 2)
2025-02-17 14:28:03,521 - INFO - Input Data checks done.......Shape:(16378, 2)
2025-02-17 14:28:03,522 - INFO - Extracting features for RNA sequences...
2025-02-17 14:28:26,038 - INFO - Visualizing feature distributions...
2025-02-17 14:28:28,837 - INFO - Feature plots saved in directory: Backend/feature_plots
2025-02-17 14:28:28,839 - INFO - Starting data preprocessing...
2025-02-17 14:28:29,123 - INFO - Data Preprocessing Completed.
2025-02-17 14:28:29,146 - INFO - Training model...
2025-02-17 14:29:10,705 - INFO - Model training completed.
2025-02-17 14:29:10,706 - INFO - Saving model...
2025-02-17 14:29:10,846 - INFO - Model saved as Backend/stacking_model.pkl.
2025-02-17 14:29:10,847 - INFO - Evaluating model...
2025-02-17 14:29:10,926 - INFO - MSE: 1.8451082280564615, MAE: 1.0416651263194727, R2: 0.28874452644660853
2025-02-17 14:29:10,927 - INFO - Evaluating model using 10-fold cross-validation...
2025-02-17 14:33:16,859 - INFO - 10-Fold Cross-Validation Results:
2025-02-17 14:33:16,859 - INFO - MSE: 2.1082 (±0.1725)
2025-02-17 14:33:16,859 - INFO - MAE: 1.1367 (±0.0413)
2025-02-17 14:33:16,860 - INFO - R²: 0.1859 (±0.0272)
2025-02-17 14:33:16,860 - INFO - Visualizing residual plot...
2025-02-17 14:33:16,963 - INFO - Residual plot saved.
2025-02-17 14:33:16,964 - INFO - Model training pipeline completed.
